<?xml version="1.0" encoding="UTF-8"?>
<!-- Generated by org.testng.reporters.JUnitXMLReporter -->
<testsuite hostname="LAPTOP-U7NGCTPE" ignored="0" name="Test" tests="3" failures="0" timestamp="03 Apr 2022 04:32:34 GMT" time="22.705" errors="0">
  <testcase name="test" time="1.015" classname="qaautomation.march2022.AppTestAfterRefactor"/>
  <testcase name="test2" time="0.307" classname="qaautomation.march2022.AppTestAfterRefactor"/>
  <testcase name="test3" time="0.239" classname="qaautomation.march2022.AppTestAfterRefactor"/>
</testsuite> <!-- Test -->
