<?xml version="1.0" encoding="UTF-8"?>
<!-- Generated by org.testng.reporters.JUnitXMLReporter -->
<testsuite hostname="LAPTOP-U7NGCTPE" ignored="0" name="Test" tests="3" failures="0" timestamp="16 Apr 2022 04:31:48 GMT" time="16.886" errors="0">
  <testcase name="testDashboardAPI" time="3.784" classname="qaautomation.march2022.APITestAfterRefactor"/>
  <testcase name="testDashboardWithoutParam" time="1.617" classname="qaautomation.march2022.APITestAfterRefactor"/>
  <testcase name="testDashboardWithoutToken" time="1.279" classname="qaautomation.march2022.APITestAfterRefactor"/>
</testsuite> <!-- Test -->
