<?xml version="1.0" encoding="UTF-8"?>
<testng-results skipped="0" failed="0" ignored="0" total="1" passed="1">
  <reporter-output>
  </reporter-output>
  <suite name="Default suite" duration-ms="41511" started-at="2022-05-10T08:50:28Z" finished-at="2022-05-10T08:51:10Z">
    <groups>
    </groups>
    <test name="Default test" duration-ms="41511" started-at="2022-05-10T08:50:28Z" finished-at="2022-05-10T08:51:10Z">
      <class name="qaautomation.march2022.AppTestAfterPOMFactoryYopmail">
        <test-method status="PASS" signature="setUp()[pri:0, instance:qaautomation.march2022.AppTestAfterPOMFactoryYopmail@6a6afff2]" name="setUp" is-config="true" duration-ms="10868" started-at="2022-05-10T08:50:28Z" finished-at="2022-05-10T08:50:39Z">
          <reporter-output>
          </reporter-output>
        </test-method> <!-- setUp -->
        <test-method status="PASS" signature="getFirstMessage()[pri:0, instance:qaautomation.march2022.AppTestAfterPOMFactoryYopmail@6a6afff2]" name="getFirstMessage" duration-ms="29829" started-at="2022-05-10T08:50:39Z" finished-at="2022-05-10T08:51:09Z">
          <reporter-output>
          </reporter-output>
        </test-method> <!-- getFirstMessage -->
        <test-method status="PASS" signature="cleanUp()[pri:0, instance:qaautomation.march2022.AppTestAfterPOMFactoryYopmail@6a6afff2]" name="cleanUp" is-config="true" duration-ms="669" started-at="2022-05-10T08:51:09Z" finished-at="2022-05-10T08:51:10Z">
          <reporter-output>
          </reporter-output>
        </test-method> <!-- cleanUp -->
      </class> <!-- qaautomation.march2022.AppTestAfterPOMFactoryYopmail -->
    </test> <!-- Default test -->
  </suite> <!-- Default suite -->
</testng-results>
